2023-02-27 14:52:25,211 INFO get tasks path called
2023-02-27 14:52:25,283 INFO get tasks worked fine
2023-02-27 14:52:30,201 INFO get tasks path called
2023-02-27 14:52:30,246 INFO get tasks worked fine
2023-02-27 14:52:31,763 INFO get tasks path called
2023-02-27 14:52:31,788 INFO get tasks worked fine
2023-02-27 14:52:31,862 INFO get tasks path called
2023-02-27 14:52:31,882 INFO get tasks worked fine
2023-02-27 14:52:31,934 INFO get tasks path called
2023-02-27 14:52:31,950 INFO get tasks worked fine
2023-02-27 14:52:32,016 INFO get tasks path called
2023-02-27 14:52:32,033 INFO get tasks worked fine
2023-02-27 14:52:32,132 INFO get tasks path called
2023-02-27 14:52:32,146 INFO get tasks worked fine
2023-02-27 14:52:32,224 INFO get tasks path called
2023-02-27 14:52:32,237 INFO get tasks worked fine
2023-02-27 14:52:32,781 INFO get tasks path called
2023-02-27 14:52:32,799 INFO get tasks worked fine
2023-02-27 14:54:39,300 INFO get tasks path called
2023-02-27 14:54:39,336 INFO get tasks worked fine
2023-02-27 14:54:43,826 INFO get tasks path called
2023-02-27 14:54:43,867 INFO get tasks worked fine
2023-02-27 14:54:45,579 INFO get tasks path called
2023-02-27 14:54:45,613 INFO get tasks worked fine
2023-02-27 14:54:45,669 INFO get tasks path called
2023-02-27 14:54:45,685 INFO get tasks worked fine
2023-02-27 14:54:45,736 INFO get tasks path called
2023-02-27 14:54:45,753 INFO get tasks worked fine
2023-02-27 14:54:45,833 INFO get tasks path called
2023-02-27 14:54:45,848 INFO get tasks worked fine
2023-02-27 14:54:45,924 INFO get tasks path called
2023-02-27 14:54:45,945 INFO get tasks worked fine
2023-02-27 14:55:01,767 INFO get tasks path called
2023-02-27 14:55:01,835 INFO get tasks worked fine
2023-02-27 14:55:23,687 INFO get tasks path called
2023-02-27 14:55:23,745 INFO get tasks worked fine
2023-02-27 14:57:31,815 INFO get tasks path called
2023-02-27 14:57:31,888 INFO get tasks worked fine
2023-02-27 14:57:33,273 INFO get tasks path called
2023-02-27 14:57:33,293 INFO get tasks worked fine
2023-02-27 14:57:33,387 INFO get tasks path called
2023-02-27 14:57:33,407 INFO get tasks worked fine
2023-02-27 14:57:33,489 INFO get tasks path called
2023-02-27 14:57:33,503 INFO get tasks worked fine
2023-02-27 14:57:33,565 INFO get tasks path called
2023-02-27 14:57:33,582 INFO get tasks worked fine
2023-02-27 14:57:37,108 INFO create task path called
2023-02-27 14:57:37,134 INFO create task worked fine
2023-02-27 14:58:47,742 INFO get tasks path called
2023-02-27 14:58:47,811 INFO get tasks worked fine
2023-02-27 14:59:25,343 INFO get tasks path called
2023-02-27 14:59:25,395 INFO get tasks worked fine
2023-02-27 15:09:16,933 INFO get tasks path called
2023-02-27 15:09:17,026 INFO get tasks worked fine
2023-02-27 15:14:12,945 INFO get tasks path called
2023-02-27 15:14:12,993 INFO get tasks worked fine
2023-02-27 15:15:05,154 INFO get tasks path called
2023-02-27 15:15:05,216 INFO get tasks worked fine
2023-02-27 15:15:46,907 INFO get tasks path called
2023-02-27 15:15:46,965 INFO get tasks worked fine
2023-02-27 15:15:59,709 INFO get tasks path called
2023-02-27 15:15:59,741 INFO get tasks worked fine
2023-02-27 15:16:01,669 INFO get tasks path called
2023-02-27 15:16:01,718 INFO get tasks worked fine
2023-02-27 15:17:11,159 INFO get tasks path called
2023-02-27 15:17:11,214 INFO get tasks worked fine
2023-02-27 15:17:33,557 INFO get tasks path called
2023-02-27 15:17:33,635 INFO get tasks worked fine
2023-02-27 15:25:09,524 INFO delete task path called
2023-02-27 15:25:09,589 INFO delete task worked fine
2023-02-27 15:25:09,590 INFO delete task path called
2023-02-27 15:25:09,611 INFO delete task worked fine
2023-02-27 15:25:09,612 INFO get tasks path called
2023-02-27 15:25:09,641 INFO get tasks worked fine
2023-02-27 15:25:29,673 INFO get tasks path called
2023-02-27 15:25:29,753 INFO get tasks worked fine
2023-02-27 15:25:29,848 INFO get tasks path called
2023-02-27 15:25:29,866 INFO get tasks worked fine
2023-02-27 15:25:29,943 INFO get tasks path called
2023-02-27 15:25:29,956 INFO get tasks worked fine
2023-02-27 15:25:30,007 INFO get tasks path called
2023-02-27 15:25:30,021 INFO get tasks worked fine
2023-02-27 15:25:30,110 INFO get tasks path called
2023-02-27 15:25:30,124 INFO get tasks worked fine
2023-02-27 15:25:30,239 INFO get tasks path called
2023-02-27 15:25:30,255 INFO get tasks worked fine
2023-02-27 15:25:31,719 INFO get tasks path called
2023-02-27 15:25:31,742 INFO get tasks worked fine
2023-02-27 15:25:34,825 INFO create task path called
2023-02-27 15:25:34,852 INFO create task worked fine
2023-02-27 15:26:53,280 INFO get tasks path called
2023-02-27 15:26:53,345 INFO get tasks worked fine
2023-02-27 15:26:53,366 INFO delete task path called
2023-02-27 15:26:53,410 INFO delete task worked fine
2023-02-27 15:26:53,413 INFO delete task path called
2023-02-27 15:26:53,432 INFO delete task worked fine
2023-02-27 15:27:01,196 INFO get tasks path called
2023-02-27 15:27:01,282 INFO get tasks worked fine
2023-02-27 15:27:56,137 INFO get tasks path called
2023-02-27 15:27:56,227 INFO get tasks worked fine
2023-02-27 15:28:29,985 INFO get tasks path called
2023-02-27 15:28:30,034 INFO get tasks worked fine
2023-02-27 15:28:30,622 INFO get tasks path called
2023-02-27 15:28:30,648 INFO get tasks worked fine
2023-02-27 15:28:31,276 INFO get tasks path called
2023-02-27 15:28:31,304 INFO get tasks worked fine
2023-02-27 15:28:31,478 INFO get tasks path called
2023-02-27 15:28:31,497 INFO get tasks worked fine
2023-02-27 15:28:31,537 INFO get tasks path called
2023-02-27 15:28:31,548 INFO get tasks worked fine
2023-02-27 15:28:31,649 INFO get tasks path called
2023-02-27 15:28:31,659 INFO get tasks worked fine
2023-02-27 15:28:32,295 INFO get tasks path called
2023-02-27 15:28:32,312 INFO get tasks worked fine
2023-02-27 15:28:32,347 INFO get tasks path called
2023-02-27 15:28:32,358 INFO get tasks worked fine
2023-02-27 15:28:32,720 INFO get tasks path called
2023-02-27 15:28:32,749 INFO get tasks worked fine
2023-02-27 15:28:41,384 INFO create task path called
2023-02-27 15:28:41,416 INFO create task worked fine
2023-02-27 15:28:51,045 INFO get tasks path called
2023-02-27 15:28:51,092 INFO get tasks worked fine
2023-02-27 15:29:08,820 INFO get tasks path called
2023-02-27 15:29:08,864 INFO get tasks worked fine
2023-02-27 15:29:09,107 INFO get tasks path called
2023-02-27 15:29:09,119 INFO get tasks worked fine
2023-02-27 15:29:09,398 INFO get tasks path called
2023-02-27 15:29:09,417 INFO get tasks worked fine
2023-02-27 15:29:09,604 INFO get tasks path called
2023-02-27 15:29:09,616 INFO get tasks worked fine
2023-02-27 15:29:09,725 INFO get tasks path called
2023-02-27 15:29:09,738 INFO get tasks worked fine
2023-02-27 15:29:09,879 INFO get tasks path called
2023-02-27 15:29:09,893 INFO get tasks worked fine
2023-02-27 15:29:09,993 INFO get tasks path called
2023-02-27 15:29:10,006 INFO get tasks worked fine
2023-02-27 15:29:10,823 INFO get tasks path called
2023-02-27 15:29:10,840 INFO get tasks worked fine
2023-02-27 15:29:11,714 INFO get tasks path called
2023-02-27 15:29:11,748 INFO get tasks worked fine
2023-02-27 15:29:11,827 INFO get tasks path called
2023-02-27 15:29:11,841 INFO get tasks worked fine
2023-02-27 15:29:11,927 INFO get tasks path called
2023-02-27 15:29:11,951 INFO get tasks worked fine
2023-02-27 15:29:12,038 INFO get tasks path called
2023-02-27 15:29:12,050 INFO get tasks worked fine
2023-02-27 15:29:12,171 INFO get tasks path called
2023-02-27 15:29:12,189 INFO get tasks worked fine
2023-02-27 15:29:12,284 INFO get tasks path called
2023-02-27 15:29:12,298 INFO get tasks worked fine
2023-02-27 15:29:12,409 INFO get tasks path called
2023-02-27 15:29:12,424 INFO get tasks worked fine
2023-02-27 15:29:12,514 INFO get tasks path called
2023-02-27 15:29:12,527 INFO get tasks worked fine
2023-02-27 15:29:12,634 INFO get tasks path called
2023-02-27 15:29:12,651 INFO get tasks worked fine
2023-02-27 15:29:13,199 INFO get tasks path called
2023-02-27 15:29:13,220 INFO get tasks worked fine
2023-02-27 15:29:13,404 INFO get tasks path called
2023-02-27 15:29:13,422 INFO get tasks worked fine
2023-02-27 15:29:13,779 INFO get tasks path called
2023-02-27 15:29:13,803 INFO get tasks worked fine
2023-02-27 15:29:13,976 INFO get tasks path called
2023-02-27 15:29:13,990 INFO get tasks worked fine
2023-02-27 15:29:14,026 INFO get tasks path called
2023-02-27 15:29:14,043 INFO get tasks worked fine
2023-02-27 15:29:14,128 INFO get tasks path called
2023-02-27 15:29:14,142 INFO get tasks worked fine
2023-02-27 15:29:14,737 INFO get tasks path called
2023-02-27 15:29:14,755 INFO get tasks worked fine
2023-02-27 15:29:14,792 INFO get tasks path called
2023-02-27 15:29:14,805 INFO get tasks worked fine
2023-02-27 15:29:15,220 INFO get tasks path called
2023-02-27 15:29:15,244 INFO get tasks worked fine
2023-02-27 15:29:15,280 INFO get tasks path called
2023-02-27 15:29:15,293 INFO get tasks worked fine
2023-02-27 15:29:15,429 INFO get tasks path called
2023-02-27 15:29:15,447 INFO get tasks worked fine
2023-02-27 15:29:15,559 INFO get tasks path called
2023-02-27 15:29:15,575 INFO get tasks worked fine
2023-02-27 15:29:15,612 INFO get tasks path called
2023-02-27 15:29:15,626 INFO get tasks worked fine
2023-02-27 15:29:15,975 INFO get tasks path called
2023-02-27 15:29:15,997 INFO get tasks worked fine
2023-02-27 15:29:16,089 INFO get tasks path called
2023-02-27 15:29:16,102 INFO get tasks worked fine
2023-02-27 15:29:16,868 INFO get tasks path called
2023-02-27 15:29:16,890 INFO get tasks worked fine
2023-02-27 15:29:18,567 INFO get tasks path called
2023-02-27 15:29:18,594 INFO get tasks worked fine
2023-02-27 15:29:19,004 INFO get tasks path called
2023-02-27 15:29:19,028 INFO get tasks worked fine
2023-02-27 15:29:28,728 INFO create task path called
2023-02-27 15:29:28,789 INFO create task worked fine
2023-02-27 15:29:37,624 INFO get tasks path called
2023-02-27 15:29:37,666 INFO get tasks worked fine
2023-02-27 15:29:46,572 INFO delete task path called
2023-02-27 15:29:46,627 INFO delete task worked fine
2023-02-27 15:29:54,692 INFO get tasks path called
2023-02-27 15:29:54,726 INFO get tasks worked fine
2023-02-27 15:30:12,545 INFO get tasks path called
2023-02-27 15:30:12,613 INFO get tasks worked fine
